Build started 8/5/2015 8:35:41 AM.
     1>Project "c:\Users\ken.wagner\documents\visual studio 2015\Projects\1stRun\1stRun\1stRun.vcxproj" on node 2 (Build target(s)).
     1>ClCompile:
         C:\Program Files (x86)\Microsoft Visual Studio 14.0\VC\bin\CL.exe /c /ZI /nologo /W3 /WX- /sdl /Od /Oy- /D WIN32 /D _DEBUG /D _CONSOLE /D _UNICODE /D UNICODE /Gm /EHsc /RTC1 /MDd /GS /fp:precise /Zc:wchar_t /Zc:forScope /Zc:inline /Yc"stdafx.h" /Fp"Debug\1stRun.pch" /Fo"Debug\\" /Fd"Debug\vc140.pdb" /Gd /TP /analyze- /errorReport:prompt stdafx.cpp
         stdafx.cpp
         C:\Program Files (x86)\Microsoft Visual Studio 14.0\VC\bin\CL.exe /c /ZI /nologo /W3 /WX- /sdl /Od /Oy- /D WIN32 /D _DEBUG /D _CONSOLE /D _UNICODE /D UNICODE /Gm /EHsc /RTC1 /MDd /GS /fp:precise /Zc:wchar_t /Zc:forScope /Zc:inline /Yu"stdafx.h" /Fp"Debug\1stRun.pch" /Fo"Debug\\" /Fd"Debug\vc140.pdb" /Gd /TP /analyze- /errorReport:prompt 1stRun.cpp
         1stRun.cpp
     1>c:\users\ken.wagner\documents\visual studio 2015\projects\1strun\1strun\1strun.cpp(3): warning C4627: '#include <iostream>': skipped when looking for precompiled header use
         c:\users\ken.wagner\documents\visual studio 2015\projects\1strun\1strun\1strun.cpp(3): note: Add directive to 'stdafx.h' or rebuild precompiled header
     1>c:\users\ken.wagner\documents\visual studio 2015\projects\1strun\1strun\1strun.cpp(4): warning C4627: '#include <string>': skipped when looking for precompiled header use
         c:\users\ken.wagner\documents\visual studio 2015\projects\1strun\1strun\1strun.cpp(4): note: Add directive to 'stdafx.h' or rebuild precompiled header
     1>c:\users\ken.wagner\documents\visual studio 2015\projects\1strun\1strun\1strun.cpp(11): error C2065: 'string': undeclared identifier
     1>c:\users\ken.wagner\documents\visual studio 2015\projects\1strun\1strun\1strun.cpp(11): error C2146: syntax error: missing ';' before identifier 'started'
     1>c:\users\ken.wagner\documents\visual studio 2015\projects\1strun\1strun\1strun.cpp(11): error C2065: 'started': undeclared identifier
     1>c:\users\ken.wagner\documents\visual studio 2015\projects\1strun\1strun\1strun.cpp(12): error C2065: 'cout': undeclared identifier
     1>c:\users\ken.wagner\documents\visual studio 2015\projects\1strun\1strun\1strun.cpp(12): error C2065: 'started': undeclared identifier
     1>c:\users\ken.wagner\documents\visual studio 2015\projects\1strun\1strun\1strun.cpp(12): error C2065: 'endl': undeclared identifier
     1>c:\users\ken.wagner\documents\visual studio 2015\projects\1strun\1strun\1strun.cpp(13): error C2065: 'cin': undeclared identifier
     1>Done Building Project "c:\Users\ken.wagner\documents\visual studio 2015\Projects\1stRun\1stRun\1stRun.vcxproj" (Build target(s)) -- FAILED.

Build FAILED.

Time Elapsed 00:00:02.79
